/Users/psycho/Desktop/telegram_bot/bot.py:339: PTBUserWarning: If 'per_message=False', 'CallbackQueryHandler' will not be tracked for every message. Read this FAQ entry to learn more about the per_* settings: https://github.com/python-telegram-bot/python-telegram-bot/wiki/Frequently-Asked-Questions#what-do-the-per_-settings-in-conversationhandler-do.
  add_conv = ConversationHandler(
2026-04-17 08:37:01,642 - apscheduler.scheduler - INFO - Adding job tentatively -- it will be properly scheduled when the scheduler starts
2026-04-17 08:37:01,642 - __main__ - INFO - Bot started.
2026-04-17 08:37:02,095 - httpx - INFO - HTTP Request: POST https://api.telegram.org/bot8438019674:AAHbMZ4FxX6SHDNlX-C1g7XkpIZVp7wdqyY/getMe "HTTP/1.1 200 OK"
2026-04-17 08:37:02,265 - httpx - INFO - HTTP Request: POST https://api.telegram.org/bot8438019674:AAHbMZ4FxX6SHDNlX-C1g7XkpIZVp7wdqyY/deleteWebhook "HTTP/1.1 200 OK"
2026-04-17 08:37:02,268 - apscheduler.scheduler - INFO - Added job "send_daily_alerts" to job store "default"
2026-04-17 08:37:02,268 - apscheduler.scheduler - INFO - Scheduler started
2026-04-17 08:37:02,268 - telegram.ext.Application - INFO - Application started
2026-04-17 08:37:12,603 - httpx - INFO - HTTP Request: POST https://api.telegram.org/bot8438019674:AAHbMZ4FxX6SHDNlX-C1g7XkpIZVp7wdqyY/getUpdates "HTTP/1.1 200 OK"
2026-04-17 08:37:22,977 - httpx - INFO - HTTP Request: POST https://api.telegram.org/bot8438019674:AAHbMZ4FxX6SHDNlX-C1g7XkpIZVp7wdqyY/getUpdates "HTTP/1.1 200 OK"
2026-04-17 08:37:23,532 - httpx - INFO - HTTP Request: POST https://api.telegram.org/bot8438019674:AAHbMZ4FxX6SHDNlX-C1g7XkpIZVp7wdqyY/getUpdates "HTTP/1.1 200 OK"
2026-04-17 08:37:24,099 - httpx - INFO - HTTP Request: POST https://api.telegram.org/bot8438019674:AAHbMZ4FxX6SHDNlX-C1g7XkpIZVp7wdqyY/sendMessage "HTTP/1.1 200 OK"
2026-04-17 08:37:27,630 - httpx - INFO - HTTP Request: POST https://api.telegram.org/bot8438019674:AAHbMZ4FxX6SHDNlX-C1g7XkpIZVp7wdqyY/getUpdates "HTTP/1.1 200 OK"
2026-04-17 08:37:27,995 - httpx - INFO - HTTP Request: POST https://api.telegram.org/bot8438019674:AAHbMZ4FxX6SHDNlX-C1g7XkpIZVp7wdqyY/sendMessage "HTTP/1.1 200 OK"
2026-04-17 08:37:37,715 - httpx - INFO - HTTP Request: POST https://api.telegram.org/bot8438019674:AAHbMZ4FxX6SHDNlX-C1g7XkpIZVp7wdqyY/getUpdates "HTTP/1.1 200 OK"
2026-04-17 08:37:38,965 - httpx - INFO - HTTP Request: POST https://api.telegram.org/bot8438019674:AAHbMZ4FxX6SHDNlX-C1g7XkpIZVp7wdqyY/getUpdates "HTTP/1.1 200 OK"
2026-04-17 08:37:39,495 - httpx - INFO - HTTP Request: POST https://api.telegram.org/bot8438019674:AAHbMZ4FxX6SHDNlX-C1g7XkpIZVp7wdqyY/sendMessage "HTTP/1.1 200 OK"
2026-04-17 08:37:49,089 - httpx - INFO - HTTP Request: POST https://api.telegram.org/bot8438019674:AAHbMZ4FxX6SHDNlX-C1g7XkpIZVp7wdqyY/getUpdates "HTTP/1.1 200 OK"
2026-04-17 08:37:52,504 - httpx - INFO - HTTP Request: POST https://api.telegram.org/bot8438019674:AAHbMZ4FxX6SHDNlX-C1g7XkpIZVp7wdqyY/getUpdates "HTTP/1.1 200 OK"
2026-04-17 08:37:53,126 - httpx - INFO - HTTP Request: POST https://api.telegram.org/bot8438019674:AAHbMZ4FxX6SHDNlX-C1g7XkpIZVp7wdqyY/sendMessage "HTTP/1.1 200 OK"
2026-04-17 08:37:58,728 - httpx - INFO - HTTP Request: POST https://api.telegram.org/bot8438019674:AAHbMZ4FxX6SHDNlX-C1g7XkpIZVp7wdqyY/getUpdates "HTTP/1.1 200 OK"
2026-04-17 08:37:59,285 - httpx - INFO - HTTP Request: POST https://api.telegram.org/bot8438019674:AAHbMZ4FxX6SHDNlX-C1g7XkpIZVp7wdqyY/answerCallbackQuery "HTTP/1.1 200 OK"
2026-04-17 08:37:59,499 - httpx - INFO - HTTP Request: POST https://api.telegram.org/bot8438019674:AAHbMZ4FxX6SHDNlX-C1g7XkpIZVp7wdqyY/editMessageText "HTTP/1.1 200 OK"
2026-04-17 08:38:08,856 - httpx - INFO - HTTP Request: POST https://api.telegram.org/bot8438019674:AAHbMZ4FxX6SHDNlX-C1g7XkpIZVp7wdqyY/getUpdates "HTTP/1.1 200 OK"
2026-04-17 08:38:18,947 - httpx - INFO - HTTP Request: POST https://api.telegram.org/bot8438019674:AAHbMZ4FxX6SHDNlX-C1g7XkpIZVp7wdqyY/getUpdates "HTTP/1.1 200 OK"
2026-04-17 08:38:29,130 - httpx - INFO - HTTP Request: POST https://api.telegram.org/bot8438019674:AAHbMZ4FxX6SHDNlX-C1g7XkpIZVp7wdqyY/getUpdates "HTTP/1.1 200 OK"
2026-04-17 08:38:44,142 - telegram.ext.Application - ERROR - No error handlers are registered, logging exception.
Traceback (most recent call last):
  File "/Users/psycho/Library/Python/3.9/lib/python/site-packages/httpx/_transports/default.py", line 101, in map_httpcore_exceptions
    yield
  File "/Users/psycho/Library/Python/3.9/lib/python/site-packages/httpx/_transports/default.py", line 394, in handle_async_request
    resp = await self._pool.handle_async_request(req)
  File "/Users/psycho/Library/Python/3.9/lib/python/site-packages/httpcore/_async/connection_pool.py", line 256, in handle_async_request
    raise exc from None
  File "/Users/psycho/Library/Python/3.9/lib/python/site-packages/httpcore/_async/connection_pool.py", line 236, in handle_async_request
    response = await connection.handle_async_request(
  File "/Users/psycho/Library/Python/3.9/lib/python/site-packages/httpcore/_async/connection.py", line 101, in handle_async_request
    raise exc
  File "/Users/psycho/Library/Python/3.9/lib/python/site-packages/httpcore/_async/connection.py", line 78, in handle_async_request
    stream = await self._connect(request)
  File "/Users/psycho/Library/Python/3.9/lib/python/site-packages/httpcore/_async/connection.py", line 124, in _connect
    stream = await self._network_backend.connect_tcp(**kwargs)
  File "/Users/psycho/Library/Python/3.9/lib/python/site-packages/httpcore/_backends/auto.py", line 31, in connect_tcp
    return await self._backend.connect_tcp(
  File "/Users/psycho/Library/Python/3.9/lib/python/site-packages/httpcore/_backends/anyio.py", line 122, in connect_tcp
    stream._raw_socket.setsockopt(*option)  # type: ignore[attr-defined] # pragma: no cover
  File "/Library/Developer/CommandLineTools/Library/Frameworks/Python3.framework/Versions/3.9/lib/python3.9/contextlib.py", line 135, in __exit__
    self.gen.throw(type, value, traceback)
  File "/Users/psycho/Library/Python/3.9/lib/python/site-packages/httpcore/_exceptions.py", line 14, in map_exceptions
    raise to_exc(exc) from exc
httpcore.ConnectError: [Errno 8] nodename nor servname provided, or not known

The above exception was the direct cause of the following exception:

Traceback (most recent call last):
  File "/Users/psycho/Library/Python/3.9/lib/python/site-packages/telegram/request/_httpxrequest.py", line 292, in do_request
    res = await self._client.request(
  File "/Users/psycho/Library/Python/3.9/lib/python/site-packages/httpx/_client.py", line 1540, in request
    return await self.send(request, auth=auth, follow_redirects=follow_redirects)
  File "/Users/psycho/Library/Python/3.9/lib/python/site-packages/httpx/_client.py", line 1629, in send
    response = await self._send_handling_auth(
  File "/Users/psycho/Library/Python/3.9/lib/python/site-packages/httpx/_client.py", line 1657, in _send_handling_auth
    response = await self._send_handling_redirects(
  File "/Users/psycho/Library/Python/3.9/lib/python/site-packages/httpx/_client.py", line 1694, in _send_handling_redirects
    response = await self._send_single_request(request)
  File "/Users/psycho/Library/Python/3.9/lib/python/site-packages/httpx/_client.py", line 1730, in _send_single_request
    response = await transport.handle_async_request(request)
  File "/Users/psycho/Library/Python/3.9/lib/python/site-packages/httpx/_transports/default.py", line 394, in handle_async_request
    resp = await self._pool.handle_async_request(req)
  File "/Library/Developer/CommandLineTools/Library/Frameworks/Python3.framework/Versions/3.9/lib/python3.9/contextlib.py", line 135, in __exit__
    self.gen.throw(type, value, traceback)
  File "/Users/psycho/Library/Python/3.9/lib/python/site-packages/httpx/_transports/default.py", line 118, in map_httpcore_exceptions
    raise mapped_exc(message) from exc
httpx.ConnectError: [Errno 8] nodename nor servname provided, or not known

The above exception was the direct cause of the following exception:

Traceback (most recent call last):
  File "/Users/psycho/Library/Python/3.9/lib/python/site-packages/telegram/ext/_updater.py", line 753, in _network_loop_retry
    if not await do_action():
  File "/Users/psycho/Library/Python/3.9/lib/python/site-packages/telegram/ext/_updater.py", line 747, in do_action
    return action_cb_task.result()
  File "/Users/psycho/Library/Python/3.9/lib/python/site-packages/telegram/ext/_updater.py", line 377, in polling_action_cb
    updates = await self.bot.get_updates(
  File "/Users/psycho/Library/Python/3.9/lib/python/site-packages/telegram/ext/_extbot.py", line 649, in get_updates
    updates = await super().get_updates(
  File "/Users/psycho/Library/Python/3.9/lib/python/site-packages/telegram/_bot.py", line 4366, in get_updates
    await self._post(
  File "/Users/psycho/Library/Python/3.9/lib/python/site-packages/telegram/_bot.py", line 623, in _post
    return await self._do_post(
  File "/Users/psycho/Library/Python/3.9/lib/python/site-packages/telegram/ext/_extbot.py", line 355, in _do_post
    return await super()._do_post(
  File "/Users/psycho/Library/Python/3.9/lib/python/site-packages/telegram/_bot.py", line 652, in _do_post
    result = await request.post(
  File "/Users/psycho/Library/Python/3.9/lib/python/site-packages/telegram/request/_baserequest.py", line 201, in post
    result = await self._request_wrapper(
  File "/Users/psycho/Library/Python/3.9/lib/python/site-packages/telegram/request/_baserequest.py", line 333, in _request_wrapper
    code, payload = await self.do_request(
  File "/Users/psycho/Library/Python/3.9/lib/python/site-packages/telegram/request/_httpxrequest.py", line 316, in do_request
    raise NetworkError(f"httpx.{err.__class__.__name__}: {err}") from err
telegram.error.NetworkError: httpx.ConnectError: [Errno 8] nodename nor servname provided, or not known
2026-04-17 08:38:45,148 - telegram.ext.Application - ERROR - No error handlers are registered, logging exception.
Traceback (most recent call last):
  File "/Users/psycho/Library/Python/3.9/lib/python/site-packages/httpx/_transports/default.py", line 101, in map_httpcore_exceptions
    yield
  File "/Users/psycho/Library/Python/3.9/lib/python/site-packages/httpx/_transports/default.py", line 394, in handle_async_request
    resp = await self._pool.handle_async_request(req)
  File "/Users/psycho/Library/Python/3.9/lib/python/site-packages/httpcore/_async/connection_pool.py", line 256, in handle_async_request
    raise exc from None
  File "/Users/psycho/Library/Python/3.9/lib/python/site-packages/httpcore/_async/connection_pool.py", line 236, in handle_async_request
    response = await connection.handle_async_request(
  File "/Users/psycho/Library/Python/3.9/lib/python/site-packages/httpcore/_async/connection.py", line 101, in handle_async_request
    raise exc
  File "/Users/psycho/Library/Python/3.9/lib/python/site-packages/httpcore/_async/connection.py", line 78, in handle_async_request
    stream = await self._connect(request)
  File "/Users/psycho/Library/Python/3.9/lib/python/site-packages/httpcore/_async/connection.py", line 124, in _connect
    stream = await self._network_backend.connect_tcp(**kwargs)
  File "/Users/psycho/Library/Python/3.9/lib/python/site-packages/httpcore/_backends/auto.py", line 31, in connect_tcp
    return await self._backend.connect_tcp(
  File "/Users/psycho/Library/Python/3.9/lib/python/site-packages/httpcore/_backends/anyio.py", line 122, in connect_tcp
    stream._raw_socket.setsockopt(*option)  # type: ignore[attr-defined] # pragma: no cover
  File "/Library/Developer/CommandLineTools/Library/Frameworks/Python3.framework/Versions/3.9/lib/python3.9/contextlib.py", line 135, in __exit__
    self.gen.throw(type, value, traceback)
  File "/Users/psycho/Library/Python/3.9/lib/python/site-packages/httpcore/_exceptions.py", line 14, in map_exceptions
    raise to_exc(exc) from exc
httpcore.ConnectError: [Errno 8] nodename nor servname provided, or not known

The above exception was the direct cause of the following exception:

Traceback (most recent call last):
  File "/Users/psycho/Library/Python/3.9/lib/python/site-packages/telegram/request/_httpxrequest.py", line 292, in do_request
    res = await self._client.request(
  File "/Users/psycho/Library/Python/3.9/lib/python/site-packages/httpx/_client.py", line 1540, in request
    return await self.send(request, auth=auth, follow_redirects=follow_redirects)
  File "/Users/psycho/Library/Python/3.9/lib/python/site-packages/httpx/_client.py", line 1629, in send
    response = await self._send_handling_auth(
  File "/Users/psycho/Library/Python/3.9/lib/python/site-packages/httpx/_client.py", line 1657, in _send_handling_auth
    response = await self._send_handling_redirects(
  File "/Users/psycho/Library/Python/3.9/lib/python/site-packages/httpx/_client.py", line 1694, in _send_handling_redirects
    response = await self._send_single_request(request)
  File "/Users/psycho/Library/Python/3.9/lib/python/site-packages/httpx/_client.py", line 1730, in _send_single_request
    response = await transport.handle_async_request(request)
  File "/Users/psycho/Library/Python/3.9/lib/python/site-packages/httpx/_transports/default.py", line 394, in handle_async_request
    resp = await self._pool.handle_async_request(req)
  File "/Library/Developer/CommandLineTools/Library/Frameworks/Python3.framework/Versions/3.9/lib/python3.9/contextlib.py", line 135, in __exit__
    self.gen.throw(type, value, traceback)
  File "/Users/psycho/Library/Python/3.9/lib/python/site-packages/httpx/_transports/default.py", line 118, in map_httpcore_exceptions
    raise mapped_exc(message) from exc
httpx.ConnectError: [Errno 8] nodename nor servname provided, or not known

The above exception was the direct cause of the following exception:

Traceback (most recent call last):
  File "/Users/psycho/Library/Python/3.9/lib/python/site-packages/telegram/ext/_updater.py", line 753, in _network_loop_retry
    if not await do_action():
  File "/Users/psycho/Library/Python/3.9/lib/python/site-packages/telegram/ext/_updater.py", line 747, in do_action
    return action_cb_task.result()
  File "/Users/psycho/Library/Python/3.9/lib/python/site-packages/telegram/ext/_updater.py", line 377, in polling_action_cb
    updates = await self.bot.get_updates(
  File "/Users/psycho/Library/Python/3.9/lib/python/site-packages/telegram/ext/_extbot.py", line 649, in get_updates
    updates = await super().get_updates(
  File "/Users/psycho/Library/Python/3.9/lib/python/site-packages/telegram/_bot.py", line 4366, in get_updates
    await self._post(
  File "/Users/psycho/Library/Python/3.9/lib/python/site-packages/telegram/_bot.py", line 623, in _post
    return await self._do_post(
  File "/Users/psycho/Library/Python/3.9/lib/python/site-packages/telegram/ext/_extbot.py", line 355, in _do_post
    return await super()._do_post(
  File "/Users/psycho/Library/Python/3.9/lib/python/site-packages/telegram/_bot.py", line 652, in _do_post
    result = await request.post(
  File "/Users/psycho/Library/Python/3.9/lib/python/site-packages/telegram/request/_baserequest.py", line 201, in post
    result = await self._request_wrapper(
  File "/Users/psycho/Library/Python/3.9/lib/python/site-packages/telegram/request/_baserequest.py", line 333, in _request_wrapper
    code, payload = await self.do_request(
  File "/Users/psycho/Library/Python/3.9/lib/python/site-packages/telegram/request/_httpxrequest.py", line 316, in do_request
    raise NetworkError(f"httpx.{err.__class__.__name__}: {err}") from err
telegram.error.NetworkError: httpx.ConnectError: [Errno 8] nodename nor servname provided, or not known
2026-04-17 08:38:46,654 - telegram.ext.Application - ERROR - No error handlers are registered, logging exception.
Traceback (most recent call last):
  File "/Users/psycho/Library/Python/3.9/lib/python/site-packages/httpx/_transports/default.py", line 101, in map_httpcore_exceptions
    yield
  File "/Users/psycho/Library/Python/3.9/lib/python/site-packages/httpx/_transports/default.py", line 394, in handle_async_request
    resp = await self._pool.handle_async_request(req)
  File "/Users/psycho/Library/Python/3.9/lib/python/site-packages/httpcore/_async/connection_pool.py", line 256, in handle_async_request
    raise exc from None
  File "/Users/psycho/Library/Python/3.9/lib/python/site-packages/httpcore/_async/connection_pool.py", line 236, in handle_async_request
    response = await connection.handle_async_request(
  File "/Users/psycho/Library/Python/3.9/lib/python/site-packages/httpcore/_async/connection.py", line 101, in handle_async_request
    raise exc
  File "/Users/psycho/Library/Python/3.9/lib/python/site-packages/httpcore/_async/connection.py", line 78, in handle_async_request
    stream = await self._connect(request)
  File "/Users/psycho/Library/Python/3.9/lib/python/site-packages/httpcore/_async/connection.py", line 124, in _connect
    stream = await self._network_backend.connect_tcp(**kwargs)
  File "/Users/psycho/Library/Python/3.9/lib/python/site-packages/httpcore/_backends/auto.py", line 31, in connect_tcp
    return await self._backend.connect_tcp(
  File "/Users/psycho/Library/Python/3.9/lib/python/site-packages/httpcore/_backends/anyio.py", line 122, in connect_tcp
    stream._raw_socket.setsockopt(*option)  # type: ignore[attr-defined] # pragma: no cover
  File "/Library/Developer/CommandLineTools/Library/Frameworks/Python3.framework/Versions/3.9/lib/python3.9/contextlib.py", line 135, in __exit__
    self.gen.throw(type, value, traceback)
  File "/Users/psycho/Library/Python/3.9/lib/python/site-packages/httpcore/_exceptions.py", line 14, in map_exceptions
    raise to_exc(exc) from exc
httpcore.ConnectError: [Errno 8] nodename nor servname provided, or not known

The above exception was the direct cause of the following exception:

Traceback (most recent call last):
  File "/Users/psycho/Library/Python/3.9/lib/python/site-packages/telegram/request/_httpxrequest.py", line 292, in do_request
    res = await self._client.request(
  File "/Users/psycho/Library/Python/3.9/lib/python/site-packages/httpx/_client.py", line 1540, in request
    return await self.send(request, auth=auth, follow_redirects=follow_redirects)
  File "/Users/psycho/Library/Python/3.9/lib/python/site-packages/httpx/_client.py", line 1629, in send
    response = await self._send_handling_auth(
  File "/Users/psycho/Library/Python/3.9/lib/python/site-packages/httpx/_client.py", line 1657, in _send_handling_auth
    response = await self._send_handling_redirects(
  File "/Users/psycho/Library/Python/3.9/lib/python/site-packages/httpx/_client.py", line 1694, in _send_handling_redirects
    response = await self._send_single_request(request)
  File "/Users/psycho/Library/Python/3.9/lib/python/site-packages/httpx/_client.py", line 1730, in _send_single_request
    response = await transport.handle_async_request(request)
  File "/Users/psycho/Library/Python/3.9/lib/python/site-packages/httpx/_transports/default.py", line 394, in handle_async_request
    resp = await self._pool.handle_async_request(req)
  File "/Library/Developer/CommandLineTools/Library/Frameworks/Python3.framework/Versions/3.9/lib/python3.9/contextlib.py", line 135, in __exit__
    self.gen.throw(type, value, traceback)
  File "/Users/psycho/Library/Python/3.9/lib/python/site-packages/httpx/_transports/default.py", line 118, in map_httpcore_exceptions
    raise mapped_exc(message) from exc
httpx.ConnectError: [Errno 8] nodename nor servname provided, or not known

The above exception was the direct cause of the following exception:

Traceback (most recent call last):
  File "/Users/psycho/Library/Python/3.9/lib/python/site-packages/telegram/ext/_updater.py", line 753, in _network_loop_retry
    if not await do_action():
  File "/Users/psycho/Library/Python/3.9/lib/python/site-packages/telegram/ext/_updater.py", line 747, in do_action
    return action_cb_task.result()
  File "/Users/psycho/Library/Python/3.9/lib/python/site-packages/telegram/ext/_updater.py", line 377, in polling_action_cb
    updates = await self.bot.get_updates(
  File "/Users/psycho/Library/Python/3.9/lib/python/site-packages/telegram/ext/_extbot.py", line 649, in get_updates
    updates = await super().get_updates(
  File "/Users/psycho/Library/Python/3.9/lib/python/site-packages/telegram/_bot.py", line 4366, in get_updates
    await self._post(
  File "/Users/psycho/Library/Python/3.9/lib/python/site-packages/telegram/_bot.py", line 623, in _post
    return await self._do_post(
  File "/Users/psycho/Library/Python/3.9/lib/python/site-packages/telegram/ext/_extbot.py", line 355, in _do_post
    return await super()._do_post(
  File "/Users/psycho/Library/Python/3.9/lib/python/site-packages/telegram/_bot.py", line 652, in _do_post
    result = await request.post(
  File "/Users/psycho/Library/Python/3.9/lib/python/site-packages/telegram/request/_baserequest.py", line 201, in post
    result = await self._request_wrapper(
  File "/Users/psycho/Library/Python/3.9/lib/python/site-packages/telegram/request/_baserequest.py", line 333, in _request_wrapper
    code, payload = await self.do_request(
  File "/Users/psycho/Library/Python/3.9/lib/python/site-packages/telegram/request/_httpxrequest.py", line 316, in do_request
    raise NetworkError(f"httpx.{err.__class__.__name__}: {err}") from err
telegram.error.NetworkError: httpx.ConnectError: [Errno 8] nodename nor servname provided, or not known
2026-04-17 08:38:48,911 - telegram.ext.Updater - ERROR - Error while calling `get_updates` one more time to mark all fetched updates as read: %s. Suppressing error to ensure graceful shutdown. When polling for updates is restarted, updates may be fetched again. Please adjust timeouts via `ApplicationBuilder` or the parameter `get_updates_request` of `Bot`.
Traceback (most recent call last):
  File "/Users/psycho/Library/Python/3.9/lib/python/site-packages/httpx/_transports/default.py", line 101, in map_httpcore_exceptions
    yield
  File "/Users/psycho/Library/Python/3.9/lib/python/site-packages/httpx/_transports/default.py", line 394, in handle_async_request
    resp = await self._pool.handle_async_request(req)
  File "/Users/psycho/Library/Python/3.9/lib/python/site-packages/httpcore/_async/connection_pool.py", line 256, in handle_async_request
    raise exc from None
  File "/Users/psycho/Library/Python/3.9/lib/python/site-packages/httpcore/_async/connection_pool.py", line 236, in handle_async_request
    response = await connection.handle_async_request(
  File "/Users/psycho/Library/Python/3.9/lib/python/site-packages/httpcore/_async/connection.py", line 101, in handle_async_request
    raise exc
  File "/Users/psycho/Library/Python/3.9/lib/python/site-packages/httpcore/_async/connection.py", line 78, in handle_async_request
    stream = await self._connect(request)
  File "/Users/psycho/Library/Python/3.9/lib/python/site-packages/httpcore/_async/connection.py", line 124, in _connect
    stream = await self._network_backend.connect_tcp(**kwargs)
  File "/Users/psycho/Library/Python/3.9/lib/python/site-packages/httpcore/_backends/auto.py", line 31, in connect_tcp
    return await self._backend.connect_tcp(
  File "/Users/psycho/Library/Python/3.9/lib/python/site-packages/httpcore/_backends/anyio.py", line 122, in connect_tcp
    stream._raw_socket.setsockopt(*option)  # type: ignore[attr-defined] # pragma: no cover
  File "/Library/Developer/CommandLineTools/Library/Frameworks/Python3.framework/Versions/3.9/lib/python3.9/contextlib.py", line 135, in __exit__
    self.gen.throw(type, value, traceback)
  File "/Users/psycho/Library/Python/3.9/lib/python/site-packages/httpcore/_exceptions.py", line 14, in map_exceptions
    raise to_exc(exc) from exc
httpcore.ConnectError: [Errno 8] nodename nor servname provided, or not known

The above exception was the direct cause of the following exception:

Traceback (most recent call last):
  File "/Users/psycho/Library/Python/3.9/lib/python/site-packages/telegram/request/_httpxrequest.py", line 292, in do_request
    res = await self._client.request(
  File "/Users/psycho/Library/Python/3.9/lib/python/site-packages/httpx/_client.py", line 1540, in request
    return await self.send(request, auth=auth, follow_redirects=follow_redirects)
  File "/Users/psycho/Library/Python/3.9/lib/python/site-packages/httpx/_client.py", line 1629, in send
    response = await self._send_handling_auth(
  File "/Users/psycho/Library/Python/3.9/lib/python/site-packages/httpx/_client.py", line 1657, in _send_handling_auth
    response = await self._send_handling_redirects(
  File "/Users/psycho/Library/Python/3.9/lib/python/site-packages/httpx/_client.py", line 1694, in _send_handling_redirects
    response = await self._send_single_request(request)
  File "/Users/psycho/Library/Python/3.9/lib/python/site-packages/httpx/_client.py", line 1730, in _send_single_request
    response = await transport.handle_async_request(request)
  File "/Users/psycho/Library/Python/3.9/lib/python/site-packages/httpx/_transports/default.py", line 394, in handle_async_request
    resp = await self._pool.handle_async_request(req)
  File "/Library/Developer/CommandLineTools/Library/Frameworks/Python3.framework/Versions/3.9/lib/python3.9/contextlib.py", line 135, in __exit__
    self.gen.throw(type, value, traceback)
  File "/Users/psycho/Library/Python/3.9/lib/python/site-packages/httpx/_transports/default.py", line 118, in map_httpcore_exceptions
    raise mapped_exc(message) from exc
httpx.ConnectError: [Errno 8] nodename nor servname provided, or not known

The above exception was the direct cause of the following exception:

Traceback (most recent call last):
  File "/Users/psycho/Library/Python/3.9/lib/python/site-packages/telegram/ext/_updater.py", line 438, in _get_updates_cleanup
    await self.bot.get_updates(
  File "/Users/psycho/Library/Python/3.9/lib/python/site-packages/telegram/ext/_extbot.py", line 649, in get_updates
    updates = await super().get_updates(
  File "/Users/psycho/Library/Python/3.9/lib/python/site-packages/telegram/_bot.py", line 4366, in get_updates
    await self._post(
  File "/Users/psycho/Library/Python/3.9/lib/python/site-packages/telegram/_bot.py", line 623, in _post
    return await self._do_post(
  File "/Users/psycho/Library/Python/3.9/lib/python/site-packages/telegram/ext/_extbot.py", line 355, in _do_post
    return await super()._do_post(
  File "/Users/psycho/Library/Python/3.9/lib/python/site-packages/telegram/_bot.py", line 652, in _do_post
    result = await request.post(
  File "/Users/psycho/Library/Python/3.9/lib/python/site-packages/telegram/request/_baserequest.py", line 201, in post
    result = await self._request_wrapper(
  File "/Users/psycho/Library/Python/3.9/lib/python/site-packages/telegram/request/_baserequest.py", line 333, in _request_wrapper
    code, payload = await self.do_request(
  File "/Users/psycho/Library/Python/3.9/lib/python/site-packages/telegram/request/_httpxrequest.py", line 316, in do_request
    raise NetworkError(f"httpx.{err.__class__.__name__}: {err}") from err
telegram.error.NetworkError: httpx.ConnectError: [Errno 8] nodename nor servname provided, or not known
2026-04-17 08:38:48,914 - telegram.ext.Application - INFO - Application is stopping. This might take a moment.
2026-04-17 08:38:48,916 - apscheduler.scheduler - INFO - Scheduler has been shut down
2026-04-17 08:38:48,927 - telegram.ext.Application - INFO - Application.stop() complete
